2025-07-28 20:17:49 - INFO - Request ID: f90746ec-9eae-4969-8122-7e2b1341aa63 - File not found
2025-07-28 20:17:49 - INFO - Request ID: f5d94a64-e45b-429c-b646-4984be81dde5 - File uploaded successfully
2025-07-28 20:17:49 - WARNING - Request ID: 53132e71-534c-4af9-9fc7-14e94d0329ca - File uploaded successfully
2025-07-28 20:17:49 - ERROR - Request ID: 14b4e7ec-a814-4b95-8bf1-1e4769fbd303 - File not found
2025-07-28 20:17:49 - ERROR - Request ID: 14b4e7ec-a814-4b95-8bf1-1e4769fbd303 - Invalid user credentials
2025-07-28 20:17:49 - WARNING - Request ID: a906a4f6-a038-49bd-b2ba-e4638d65491e - User logged in successfully
2025-07-28 20:17:49 - INFO - Request ID: 68523c81-f578-43c8-9d60-617b1c58ccab - User logged in successfully
2025-07-28 20:17:49 - WARNING - Request ID: 68523c81-f578-43c8-9d60-617b1c58ccab - Data saved to database
2025-07-28 20:17:49 - WARNING - Request ID: 46e24e05-8d06-421f-875c-9b53a3611362 - User logged in successfully
2025-07-28 20:17:49 - WARNING - Request ID: 46e24e05-8d06-421f-875c-9b53a3611362 - File not found
2025-07-28 20:17:49 - INFO - Request ID: f90746ec-9eae-4969-8122-7e2b1341aa63 - User logged in successfully
2025-07-28 20:17:49 - ERROR - Request ID: d8729857-d0d8-473e-9fdc-c2c6f3ff9ea5 - Data saved to database
2025-07-28 20:17:49 - WARNING - Request ID: 53132e71-534c-4af9-9fc7-14e94d0329ca - Data saved to database
2025-07-28 20:17:49 - ERROR - Request ID: a906a4f6-a038-49bd-b2ba-e4638d65491e - Operation completed successfully
2025-07-28 20:17:49 - INFO - Request ID: f5d94a64-e45b-429c-b646-4984be81dde5 - Error processing request
2025-07-28 20:17:49 - INFO - Request ID: 14b4e7ec-a814-4b95-8bf1-1e4769fbd303 - Connection timeout
2025-07-28 20:17:49 - INFO - Request ID: 46e24e05-8d06-421f-875c-9b53a3611362 - File uploaded successfully
2025-07-28 20:17:49 - INFO - Request ID: 14b4e7ec-a814-4b95-8bf1-1e4769fbd303 - Invalid user credentials
2025-07-28 20:17:49 - INFO - Request ID: 14b4e7ec-a814-4b95-8bf1-1e4769fbd303 - Data saved to database
2025-07-28 20:17:49 - ERROR - Request ID: 46e24e05-8d06-421f-875c-9b53a3611362 - Unexpected error occurred
2025-07-28 20:17:49 - ERROR - Request ID: 14b4e7ec-a814-4b95-8bf1-1e4769fbd303 - File not found
2025-07-28 20:17:49 - ERROR - Request ID: 14b4e7ec-a814-4b95-8bf1-1e4769fbd303 - Unexpected error occurred
2025-07-28 20:17:49 - INFO - Request ID: d8729857-d0d8-473e-9fdc-c2c6f3ff9ea5 - Data saved to database
2025-07-28 20:17:49 - ERROR - Request ID: 14b4e7ec-a814-4b95-8bf1-1e4769fbd303 - Operation completed successfully
2025-07-28 20:17:49 - ERROR - Request ID: d8729857-d0d8-473e-9fdc-c2c6f3ff9ea5 - Invalid user credentials
2025-07-28 20:17:49 - WARNING - Request ID: 4bdd6af0-a94e-4cb6-8bbe-de0901ae8946 - File uploaded successfully
2025-07-28 20:17:49 - WARNING - Request ID: 53132e71-534c-4af9-9fc7-14e94d0329ca - Unexpected error occurred
2025-07-28 20:17:49 - WARNING - Request ID: f5d94a64-e45b-429c-b646-4984be81dde5 - Unexpected error occurred
2025-07-28 20:17:49 - WARNING - Request ID: 53132e71-534c-4af9-9fc7-14e94d0329ca - File not found
2025-07-28 20:17:49 - INFO - Request ID: d8729857-d0d8-473e-9fdc-c2c6f3ff9ea5 - Unexpected error occurred
2025-07-28 20:17:49 - WARNING - Request ID: f5d94a64-e45b-429c-b646-4984be81dde5 - File uploaded successfully
2025-07-28 20:17:49 - ERROR - Request ID: 68523c81-f578-43c8-9d60-617b1c58ccab - Invalid user credentials
2025-07-28 20:17:49 - INFO - Request ID: 68523c81-f578-43c8-9d60-617b1c58ccab - File uploaded successfully
2025-07-28 20:17:49 - WARNING - Request ID: 46e24e05-8d06-421f-875c-9b53a3611362 - File not found
2025-07-28 20:17:49 - INFO - Request ID: e9bb308d-5d55-4b08-946c-bc4141ee0371 - Connection timeout
2025-07-28 20:17:49 - ERROR - Request ID: a906a4f6-a038-49bd-b2ba-e4638d65491e - Connection timeout
2025-07-28 20:17:49 - INFO - Request ID: 4bdd6af0-a94e-4cb6-8bbe-de0901ae8946 - Connection timeout
2025-07-28 20:17:49 - ERROR - Request ID: 53132e71-534c-4af9-9fc7-14e94d0329ca - File uploaded successfully
2025-07-28 20:17:49 - ERROR - Request ID: 46e24e05-8d06-421f-875c-9b53a3611362 - Unexpected error occurred
2025-07-28 20:17:49 - INFO - Request ID: 46e24e05-8d06-421f-875c-9b53a3611362 - File not found
2025-07-28 20:17:49 - ERROR - Request ID: e9bb308d-5d55-4b08-946c-bc4141ee0371 - Connection timeout
2025-07-28 20:17:49 - INFO - Request ID: 14b4e7ec-a814-4b95-8bf1-1e4769fbd303 - File not found
2025-07-28 20:17:49 - INFO - Request ID: a906a4f6-a038-49bd-b2ba-e4638d65491e - File not found
2025-07-28 20:17:49 - INFO - Request ID: 4bdd6af0-a94e-4cb6-8bbe-de0901ae8946 - User logged in successfully
2025-07-28 20:17:49 - ERROR - Request ID: d8729857-d0d8-473e-9fdc-c2c6f3ff9ea5 - File not found
2025-07-28 20:17:49 - ERROR - Request ID: a906a4f6-a038-49bd-b2ba-e4638d65491e - Invalid user credentials
2025-07-28 20:17:49 - WARNING - Request ID: 46e24e05-8d06-421f-875c-9b53a3611362 - Unexpected error occurred
2025-07-28 20:17:49 - WARNING - Request ID: 68523c81-f578-43c8-9d60-617b1c58ccab - File uploaded successfully
2025-07-28 20:17:49 - ERROR - Request ID: 4bdd6af0-a94e-4cb6-8bbe-de0901ae8946 - Error processing request
2025-07-28 20:17:49 - ERROR - Request ID: d8729857-d0d8-473e-9fdc-c2c6f3ff9ea5 - Error processing request
2025-07-28 20:17:49 - WARNING - Request ID: 46e24e05-8d06-421f-875c-9b53a3611362 - File not found
2025-07-28 20:17:49 - INFO - Request ID: e9bb308d-5d55-4b08-946c-bc4141ee0371 - Connection timeout
2025-07-28 20:17:49 - INFO - Request ID: 4bdd6af0-a94e-4cb6-8bbe-de0901ae8946 - File not found
2025-07-28 20:17:49 - WARNING - Request ID: 68523c81-f578-43c8-9d60-617b1c58ccab - Unexpected error occurred
2025-07-28 20:17:49 - ERROR - Request ID: 46e24e05-8d06-421f-875c-9b53a3611362 - Invalid user credentials
2025-07-28 20:17:49 - INFO - Request ID: e9bb308d-5d55-4b08-946c-bc4141ee0371 - User logged in successfully
2025-07-28 20:17:49 - WARNING - Request ID: e9bb308d-5d55-4b08-946c-bc4141ee0371 - Unexpected error occurred
2025-07-28 20:17:49 - WARNING - Request ID: 68523c81-f578-43c8-9d60-617b1c58ccab - Error processing request
2025-07-28 20:17:49 - INFO - Request ID: 46e24e05-8d06-421f-875c-9b53a3611362 - Unexpected error occurred
2025-07-28 20:17:49 - WARNING - Request ID: e9bb308d-5d55-4b08-946c-bc4141ee0371 - File uploaded successfully
2025-07-28 20:17:49 - WARNING - Request ID: 68523c81-f578-43c8-9d60-617b1c58ccab - Request processed
2025-07-28 20:17:49 - WARNING - Request ID: 4bdd6af0-a94e-4cb6-8bbe-de0901ae8946 - File not found
2025-07-28 20:17:49 - INFO - Request ID: a906a4f6-a038-49bd-b2ba-e4638d65491e - Operation completed successfully
2025-07-28 20:17:49 - INFO - Request ID: 4bdd6af0-a94e-4cb6-8bbe-de0901ae8946 - Data saved to database
2025-07-28 20:17:49 - WARNING - Request ID: 46e24e05-8d06-421f-875c-9b53a3611362 - File not found
2025-07-28 20:17:49 - WARNING - Request ID: 53132e71-534c-4af9-9fc7-14e94d0329ca - Error processing request
2025-07-28 20:17:49 - ERROR - Request ID: f5d94a64-e45b-429c-b646-4984be81dde5 - Operation completed successfully
2025-07-28 20:17:49 - ERROR - Request ID: e9bb308d-5d55-4b08-946c-bc4141ee0371 - File not found
2025-07-28 20:17:49 - INFO - Request ID: 53132e71-534c-4af9-9fc7-14e94d0329ca - File uploaded successfully
2025-07-28 20:17:49 - ERROR - Request ID: a906a4f6-a038-49bd-b2ba-e4638d65491e - Connection timeout
2025-07-28 20:17:49 - WARNING - Request ID: d8729857-d0d8-473e-9fdc-c2c6f3ff9ea5 - User logged in successfully
2025-07-28 20:17:49 - INFO - Request ID: 68523c81-f578-43c8-9d60-617b1c58ccab - Error processing request
2025-07-28 20:17:49 - ERROR - Request ID: 53132e71-534c-4af9-9fc7-14e94d0329ca - Connection timeout
2025-07-28 20:17:49 - INFO - Request ID: f90746ec-9eae-4969-8122-7e2b1341aa63 - File uploaded successfully
2025-07-28 20:17:49 - WARNING - Request ID: 14b4e7ec-a814-4b95-8bf1-1e4769fbd303 - Request processed
2025-07-28 20:17:49 - INFO - Request ID: 14b4e7ec-a814-4b95-8bf1-1e4769fbd303 - Request processed
2025-07-28 20:17:49 - INFO - Request ID: 4bdd6af0-a94e-4cb6-8bbe-de0901ae8946 - Operation completed successfully
2025-07-28 20:17:49 - INFO - Request ID: d8729857-d0d8-473e-9fdc-c2c6f3ff9ea5 - Invalid user credentials
2025-07-28 20:17:49 - INFO - Request ID: d8729857-d0d8-473e-9fdc-c2c6f3ff9ea5 - Connection timeout
2025-07-28 20:17:49 - INFO - Request ID: a906a4f6-a038-49bd-b2ba-e4638d65491e - User logged in successfully
2025-07-28 20:17:49 - WARNING - Request ID: 4bdd6af0-a94e-4cb6-8bbe-de0901ae8946 - File uploaded successfully
2025-07-28 20:17:49 - WARNING - Request ID: 4bdd6af0-a94e-4cb6-8bbe-de0901ae8946 - Operation completed successfully
2025-07-28 20:17:49 - ERROR - Request ID: a906a4f6-a038-49bd-b2ba-e4638d65491e - Error processing request
2025-07-28 20:17:49 - WARNING - Request ID: a906a4f6-a038-49bd-b2ba-e4638d65491e - Connection timeout
2025-07-28 20:17:49 - WARNING - Request ID: 14b4e7ec-a814-4b95-8bf1-1e4769fbd303 - Request processed
2025-07-28 20:17:49 - INFO - Request ID: 4bdd6af0-a94e-4cb6-8bbe-de0901ae8946 - User logged in successfully
2025-07-28 20:17:49 - INFO - Request ID: 14b4e7ec-a814-4b95-8bf1-1e4769fbd303 - Data saved to database
2025-07-28 20:17:49 - INFO - Request ID: 4bdd6af0-a94e-4cb6-8bbe-de0901ae8946 - Connection timeout
2025-07-28 20:17:49 - ERROR - Request ID: f90746ec-9eae-4969-8122-7e2b1341aa63 - File uploaded successfully
2025-07-28 20:17:49 - ERROR - Request ID: f5d94a64-e45b-429c-b646-4984be81dde5 - Operation completed successfully
2025-07-28 20:17:49 - INFO - Request ID: f90746ec-9eae-4969-8122-7e2b1341aa63 - User logged in successfully
2025-07-28 20:17:49 - INFO - Request ID: f90746ec-9eae-4969-8122-7e2b1341aa63 - File uploaded successfully
2025-07-28 20:17:49 - WARNING - Request ID: 14b4e7ec-a814-4b95-8bf1-1e4769fbd303 - Invalid user credentials
2025-07-28 20:17:49 - INFO - Request ID: f90746ec-9eae-4969-8122-7e2b1341aa63 - Request processed
2025-07-28 20:17:49 - WARNING - Request ID: 68523c81-f578-43c8-9d60-617b1c58ccab - Data saved to database
2025-07-28 20:17:49 - ERROR - Request ID: a906a4f6-a038-49bd-b2ba-e4638d65491e - File uploaded successfully
2025-07-28 20:17:49 - INFO - Request ID: e9bb308d-5d55-4b08-946c-bc4141ee0371 - Unexpected error occurred
2025-07-28 20:17:49 - WARNING - Request ID: e9bb308d-5d55-4b08-946c-bc4141ee0371 - Data saved to database
2025-07-28 20:17:49 - ERROR - Request ID: 68523c81-f578-43c8-9d60-617b1c58ccab - Unexpected error occurred
2025-07-28 20:17:49 - INFO - Request ID: 53132e71-534c-4af9-9fc7-14e94d0329ca - Invalid user credentials
2025-07-28 20:18:59 - WARNING - Request ID: 72f396b2-7855-4f60-88df-2d8e5b23e54a - Unexpected error occurred
2025-07-28 20:18:59 - ERROR - Request ID: 3dcf05f1-b1e7-404d-ab03-105516dfc7d8 - Invalid user credentials
2025-07-28 20:18:59 - INFO - Request ID: dd325b09-9404-4efc-934b-9d14369c8307 - Error processing request
2025-07-28 20:18:59 - WARNING - Request ID: cf0a08ae-aaf9-4ad2-abbb-1e4b52bc6448 - Operation completed successfully
2025-07-28 20:18:59 - ERROR - Request ID: 3dcf05f1-b1e7-404d-ab03-105516dfc7d8 - Operation completed successfully
2025-07-28 20:18:59 - WARNING - Request ID: c0c0f0f6-90bf-4993-bb2f-9ecb6621453f - Request processed
2025-07-28 20:18:59 - WARNING - Request ID: cf0a08ae-aaf9-4ad2-abbb-1e4b52bc6448 - Data saved to database
2025-07-28 20:18:59 - INFO - Request ID: cf0a08ae-aaf9-4ad2-abbb-1e4b52bc6448 - File uploaded successfully
2025-07-28 20:18:59 - INFO - Request ID: 5483575d-febe-4acb-b19a-74d8324a609f - Connection timeout
2025-07-28 20:18:59 - ERROR - Request ID: bdda7827-558b-4e68-afd5-fe0c933c4bd7 - Data saved to database
2025-07-28 20:18:59 - WARNING - Request ID: cf0a08ae-aaf9-4ad2-abbb-1e4b52bc6448 - Error processing request
2025-07-28 20:18:59 - ERROR - Request ID: cf0a08ae-aaf9-4ad2-abbb-1e4b52bc6448 - Data saved to database
2025-07-28 20:18:59 - WARNING - Request ID: dd325b09-9404-4efc-934b-9d14369c8307 - Operation completed successfully
2025-07-28 20:18:59 - ERROR - Request ID: dd325b09-9404-4efc-934b-9d14369c8307 - Unexpected error occurred
2025-07-28 20:18:59 - WARNING - Request ID: 5483575d-febe-4acb-b19a-74d8324a609f - Error processing request
2025-07-28 20:18:59 - INFO - Request ID: cf0a08ae-aaf9-4ad2-abbb-1e4b52bc6448 - Request processed
2025-07-28 20:18:59 - ERROR - Request ID: c5457826-7034-4a0b-b5a9-4e6841cb32c7 - Operation completed successfully
2025-07-28 20:18:59 - INFO - Request ID: bdda7827-558b-4e68-afd5-fe0c933c4bd7 - Request processed
2025-07-28 20:18:59 - WARNING - Request ID: 72f396b2-7855-4f60-88df-2d8e5b23e54a - User logged in successfully
2025-07-28 20:18:59 - WARNING - Request ID: c5457826-7034-4a0b-b5a9-4e6841cb32c7 - Unexpected error occurred
2025-07-30 18:45:32 - ERROR - Request ID: 3beb81be-3847-43e0-9898-4513a342f107 - File not found
2025-07-30 18:45:32 - ERROR - Request ID: f5fe53b4-0ddb-4742-9b12-5f7c25a397d1 - Connection timeout
2025-07-30 18:45:32 - INFO - Request ID: f5fe53b4-0ddb-4742-9b12-5f7c25a397d1 - Error processing request
2025-07-30 18:45:32 - WARNING - Request ID: 3beb81be-3847-43e0-9898-4513a342f107 - Invalid user credentials
2025-07-30 18:45:32 - WARNING - Request ID: 639eada9-0858-466f-8fdb-ba2018439a4a - File uploaded successfully
2025-07-30 18:45:32 - INFO - Request ID: d0d4c487-8a82-41f6-9e7f-710ac823ec20 - Connection timeout
2025-07-30 18:45:32 - INFO - Request ID: d82378f0-4c88-4ff7-b886-0a0214673c91 - Invalid user credentials
2025-07-30 18:45:32 - ERROR - Request ID: edaae75d-b224-4f08-bae1-0619c33d595a - Invalid user credentials
2025-07-30 18:45:32 - WARNING - Request ID: 9ef62371-0a02-454c-beee-8f588b87bf66 - File not found
2025-07-30 18:45:32 - WARNING - Request ID: edaae75d-b224-4f08-bae1-0619c33d595a - Data saved to database
2025-08-16 15:32:43 - INFO - Request ID: d6a07a0b-72cb-4815-82c8-cd8c7b10b101 - Operation completed successfully
2025-08-16 15:32:43 - INFO - Request ID: 3af93b4b-0eab-4745-9c2b-0070b1140e29 - User logged in successfully
2025-08-16 15:32:43 - ERROR - Request ID: 20e0f8fa-3e23-4a77-9185-33423c7c57a2 - User logged in successfully
2025-08-16 15:32:43 - INFO - Request ID: 59a74fb9-448e-42ac-9a08-277b0335f60d - Operation completed successfully
2025-08-16 15:32:43 - WARNING - Request ID: 59a74fb9-448e-42ac-9a08-277b0335f60d - Error processing request
2025-08-16 15:32:43 - ERROR - Request ID: 20e0f8fa-3e23-4a77-9185-33423c7c57a2 - Operation completed successfully
2025-08-16 15:32:43 - ERROR - Request ID: 17c48790-c13c-41e6-86da-f938a81c849a - Data saved to database
2025-08-16 15:32:43 - INFO - Request ID: 59a74fb9-448e-42ac-9a08-277b0335f60d - Operation completed successfully
2025-08-16 15:32:43 - WARNING - Request ID: d6a07a0b-72cb-4815-82c8-cd8c7b10b101 - File uploaded successfully
2025-08-16 15:32:43 - WARNING - Request ID: 3af93b4b-0eab-4745-9c2b-0070b1140e29 - Request processed
